<?xml version="1.0" encoding="UTF-8"?>
<!-- Generated by org.testng.reporters.JUnitReportReporter -->
<testsuite hostname="EricsLaptop" failures="0" tests="6" name="api.tests.DDTests" time="3.774" errors="0" timestamp="2024-01-11T16:40:41 CST" skipped="0">
  <testcase classname="api.tests.DDTests" name="testPostuser" time="0.357"/>
  <testcase classname="api.tests.DDTests" name="testPostuser" time="0.380"/>
  <testcase classname="api.tests.DDTests" name="testPostuser" time="1.983"/>
  <testcase classname="api.tests.DDTests" name="testDeleteUserByName" time="0.382"/>
  <testcase classname="api.tests.DDTests" name="testDeleteUserByName" time="0.329"/>
  <testcase classname="api.tests.DDTests" name="testDeleteUserByName" time="0.343"/>
</testsuite> <!-- api.tests.DDTests -->
